-------------------------------------------------------------------------------
Test set: mockito.example.VehicleCrashTest
-------------------------------------------------------------------------------
Tests run: 2, Failures: 1, Errors: 0, Skipped: 0, Time elapsed: 1.443 s <<< FAILURE! - in mockito.example.VehicleCrashTest
WhenCrashAndCorrectValueThenOk  Time elapsed: 0.029 s  <<< FAILURE!
org.opentest4j.AssertionFailedError: Not yet implemented
	at mockito.example.VehicleCrashTest.WhenCrashAndCorrectValueThenOk(VehicleCrashTest.java:37)

