<?xml version="1.0" encoding="UTF-8"?>
<testsuite xmlns:xsi="http://www.w3.org/2001/XMLSchema-instance" xsi:noNamespaceSchemaLocation="https://maven.apache.org/surefire/maven-surefire-plugin/xsd/surefire-test-report.xsd" name="mockito.example.VehicleCrashTest" time="1.443" tests="2" errors="0" skipped="0" failures="1">
  <properties>
[...]
</properties>
  <testcase name="WhenNoCrashNoValueThenOk" classname="mockito.example.VehicleCrashTest" time="1.326"/>
  <testcase name="WhenCrashAndCorrectValueThenOk" classname="mockito.example.VehicleCrashTest" time="0.029">
    <failure message="Not yet implemented" type="org.opentest4j.AssertionFailedError">org.opentest4j.AssertionFailedError: Not yet implemented
	at mockito.example.VehicleCrashTest.WhenCrashAndCorrectValueThenOk(VehicleCrashTest.java:37)
</failure>
  </testcase>
</testsuite>